<?xml version="1.0" encoding="UTF-8"?>
<testng-results skipped="0" failed="0" ignored="0" total="2" passed="2">
  <reporter-output>
  </reporter-output>
  <suite name="Default suite" duration-ms="48" started-at="2020-09-20T11:47:57 IST" finished-at="2020-09-20T11:47:57 IST">
    <groups>
    </groups>
    <test name="Default test" duration-ms="48" started-at="2020-09-20T11:47:57 IST" finished-at="2020-09-20T11:47:57 IST">
      <class name="testNG.Testing">
        <test-method status="PASS" signature="correction()[pri:1, instance:testNG.Testing@1d16f93d]" name="correction" duration-ms="8" started-at="2020-09-20T11:47:57 IST" finished-at="2020-09-20T11:47:57 IST">
          <reporter-output>
          </reporter-output>
        </test-method> <!-- correction -->
        <test-method status="PASS" signature="wrong()[pri:2, instance:testNG.Testing@1d16f93d]" name="wrong" duration-ms="1" started-at="2020-09-20T11:47:57 IST" finished-at="2020-09-20T11:47:57 IST">
          <reporter-output>
          </reporter-output>
        </test-method> <!-- wrong -->
      </class> <!-- testNG.Testing -->
    </test> <!-- Default test -->
  </suite> <!-- Default suite -->
</testng-results>
